<?xml version="1.0" encoding="UTF-8"?>
<testsuite xmlns:xsi="http://www.w3.org/2001/XMLSchema-instance" xsi:noNamespaceSchemaLocation="https://maven.apache.org/surefire/maven-surefire-plugin/xsd/surefire-test-report-3.0.xsd" version="3.0" name="image.convert.creality.ImageConverterTest" time="1.838" tests="1" errors="0" skipped="0" failures="0">
  <properties>
[...]
</properties>
  <testcase name="testAllNoExtensionFiles" classname="image.convert.creality.ImageConverterTest" time="1.778">
    <system-out><![CDATA[已清空输出目录: src/test/resource/tmpoutput
测试输出目录: /Users/yyuewang/code2024/ImageConvert/demo/src/test/resource/tmpoutput
测试所有无后缀图片处理
测试文件: 1.png
支持的图片格式:
警告: 可能不支持 jfif 格式
系统支持的图片格式列表:
- JPG
- cur
- tiff
- bmp
- bigtiff
- wbp
- gif
- WBMP
- PNG
- JPEG
- BigTIFF
- tif
- TIFF
- ico
- jpeg
- wbmp
- jpeg-lossless
- jpg
- CUR
- BMP
- WBP
- GIF
- png
- BIGTIFF
- JPEG-LOSSLESS
- webp
- TIF
- ICO
- WEBP
通过文件签名识别为: png
成功直接读取图片
成功转换: 1.png (无后缀) -> src/test/resource/tmpoutput/from_no_extension_1.png
测试文件: 2.png
通过文件签名识别为: png
成功直接读取图片
成功转换: 2.png (无后缀) -> src/test/resource/tmpoutput/from_no_extension_2.png
测试文件: computer.jpg
通过文件签名识别为: jpeg
成功直接读取图片
成功转换: computer.jpg (无后缀) -> src/test/resource/tmpoutput/from_no_extension_computer.png
测试文件: Egale.gif
通过文件签名识别为: gif
成功直接读取图片
成功转换: Egale.gif (无后缀) -> src/test/resource/tmpoutput/from_no_extension_Egale.png
测试文件: grass.bmp
通过文件签名识别为: bmp
成功直接读取图片
成功转换: grass.bmp (无后缀) -> src/test/resource/tmpoutput/from_no_extension_grass.png
测试文件: photo.webp
通过文件签名识别为: webp
成功直接读取图片
成功转换: photo.webp (无后缀) -> src/test/resource/tmpoutput/from_no_extension_photo.png
测试文件: sample_jfif.jfif
通过文件签名识别为: jpeg
成功直接读取图片
成功转换: sample_jfif.jfif (无后缀) -> src/test/resource/tmpoutput/from_no_extension_sample_jfif.png
测试文件: sample_tiff_640.tiff
通过文件签名识别为: tiff
成功直接读取图片
成功转换: sample_tiff_640.tiff (无后缀) -> src/test/resource/tmpoutput/from_no_extension_sample_tiff_640.png
]]></system-out>
  </testcase>
</testsuite>